<<<<<<< HEAD
=================================[[1716346554547]] SQL ============================== 
=======
=================================[[1721794060105]] SQL ============================== 
>>>>>>> branch 'main' of https://github.com/kim50012/bbc.git
com.p6spy.engine.common.P6SpyOptions reloading properties
===============================================================================================
<<<<<<< HEAD
=================================[[2024-05-22 09:55:54,550]] SQL ============================== 
Using properties file: E:\BBC_Web\BBC\target\classes\spy.properties
=======
=================================[[2024-07-24 11:07:40,108]] SQL ============================== 
Using properties file: C:\Users\dikim\git\bbc\target\classes\spy.properties
>>>>>>> branch 'main' of https://github.com/kim50012/bbc.git
===============================================================================================
<<<<<<< HEAD
=================================[[2024-05-22 09:55:54,550]] SQL ============================== 
No value in environment for: getStackTrace, using: false
===============================================================================================
=================================[[2024-05-22 09:55:54,550]] SQL ============================== 
No value in environment for: getFilter, using: false
===============================================================================================
=================================[[2024-05-22 09:55:54,550]] SQL ============================== 
No value in environment for: getAppend, using: true
===============================================================================================
=================================[[2024-05-22 09:55:54,551]] SQL ============================== 
=======
=================================[[2024-07-24 11:07:40,108]] SQL ============================== 
No value in environment for: getJNDIContextCustom, using: null
===============================================================================================
=================================[[2024-07-24 11:07:40,108]] SQL ============================== 
No value in environment for: getRealDataSource, using: null
===============================================================================================
=================================[[2024-07-24 11:07:40,108]] SQL ============================== 
No value in environment for: getJNDIContextFactory, using: null
===============================================================================================
=================================[[2024-07-24 11:07:40,108]] SQL ============================== 
No value in environment for: getJNDIContextProviderURL, using: null
===============================================================================================
=================================[[2024-07-24 11:07:40,108]] SQL ============================== 
No value in environment for: getRealDataSourceProperties, using: null
===============================================================================================
=================================[[2024-07-24 11:07:40,108]] SQL ============================== 
No value in environment for: getStackTrace, using: false
===============================================================================================
=================================[[2024-07-24 11:07:40,109]] SQL ============================== 
No value in environment for: getFilter, using: false
===============================================================================================
=================================[[2024-07-24 11:07:40,109]] SQL ============================== 
No value in environment for: getAppender, using: com.p6spy.engine.logging.appender.StdoutLogger
===============================================================================================
=================================[[2024-07-24 11:07:40,109]] SQL ============================== 
No value in environment for: getAppend, using: true
===============================================================================================
=================================[[2024-07-24 11:07:40,109]] SQL ============================== 
>>>>>>> branch 'main' of https://github.com/kim50012/bbc.git
No value in environment for: getDeregisterDrivers, using: false
===============================================================================================
<<<<<<< HEAD
=================================[[2024-05-22 09:55:54,551]] SQL ============================== 
=======
=================================[[2024-07-24 11:07:40,109]] SQL ============================== 
No value in environment for: getIncludecategories, using: 
===============================================================================================
=================================[[2024-07-24 11:07:40,109]] SQL ============================== 
>>>>>>> branch 'main' of https://github.com/kim50012/bbc.git
No value in environment for: getStackTraceClass, using: 
===============================================================================================
<<<<<<< HEAD
=================================[[2024-05-22 09:55:54,551]] SQL ============================== 
No value in environment for: getExecutionThreshold, using: 0
===============================================================================================
=================================[[2024-05-22 09:55:54,551]] SQL ============================== 
No value in environment for: getExcludecategories, using: info,debug,result,batch,resultset
===============================================================================================
=================================[[2024-05-22 09:55:54,551]] SQL ============================== 
No value in environment for: getStringMatcherEngine, using: com.p6spy.engine.common.SubstringMatcher@501f6234
===============================================================================================
=================================[[2024-05-22 09:55:54,551]] SQL ============================== 
No value in environment for: getIncludecategories, using: 
===============================================================================================
=================================[[2024-05-22 09:55:54,551]] SQL ============================== 
No value in environment for: getUsePrefix, using: false
===============================================================================================
=================================[[2024-05-22 09:55:54,551]] SQL ============================== 
No value in environment for: getSpydriver, using: com.p6spy.engine.spy.P6SpyDriver
===============================================================================================
=================================[[2024-05-22 09:55:54,551]] SQL ============================== 
No value in environment for: getRealdriver3, using: null
===============================================================================================
=================================[[2024-05-22 09:55:54,551]] SQL ============================== 
No value in environment for: getInclude, using: 
===============================================================================================
=================================[[2024-05-22 09:55:54,551]] SQL ============================== 
No value in environment for: getSQLExpression, using: null
===============================================================================================
=================================[[2024-05-22 09:55:54,552]] SQL ============================== 
No value in environment for: getStringmatcher, using: com.p6spy.engine.common.SubstringMatcher
===============================================================================================
=================================[[2024-05-22 09:55:54,552]] SQL ============================== 
No value in environment for: getRealdriver, using: oracle.jdbc.driver.OracleDriver
===============================================================================================
=================================[[2024-05-22 09:55:54,552]] SQL ============================== 
No value in environment for: getExclude, using: 
===============================================================================================
=================================[[2024-05-22 09:55:54,552]] SQL ============================== 
No value in environment for: getRealdriver2, using: null
===============================================================================================
=================================[[2024-05-22 09:55:54,552]] SQL ============================== 
No value in environment for: getAutoflush, using: true
===============================================================================================
=================================[[2024-05-22 09:55:54,552]] SQL ============================== 
No value in environment for: getLogfile, using: spy.log
===============================================================================================
=================================[[2024-05-22 09:55:54,552]] SQL ============================== 
No value in environment for: getDateformat, using: yyyy-MM-dd HH:mm:ss,SSS
===============================================================================================
=================================[[2024-05-22 09:55:54,552]] SQL ============================== 
No value in environment for: getDateformatter, using: java.text.SimpleDateFormat@f17a63e7
===============================================================================================
=================================[[2024-05-22 09:55:54,552]] SQL ============================== 
No value in environment for: getReloadPropertiesInterval, using: 60
===============================================================================================
=================================[[2024-05-22 09:55:54,552]] SQL ============================== 
No value in environment for: getRealDataSourceClass, using: null
===============================================================================================
=================================[[2024-05-22 09:55:54,553]] SQL ============================== 
No value in environment for: getReloadProperties, using: false
===============================================================================================
=================================[[2024-05-22 09:55:54,553]] SQL ============================== 
No value in environment for: getJNDIContextCustom, using: null
===============================================================================================
=================================[[2024-05-22 09:55:54,553]] SQL ============================== 
No value in environment for: getRealDataSource, using: null
===============================================================================================
=================================[[2024-05-22 09:55:54,553]] SQL ============================== 
No value in environment for: getRealDataSourceProperties, using: null
===============================================================================================
=================================[[2024-05-22 09:55:54,553]] SQL ============================== 
No value in environment for: getJNDIContextProviderURL, using: null
===============================================================================================
=================================[[2024-05-22 09:55:54,553]] SQL ============================== 
No value in environment for: getJNDIContextFactory, using: null
===============================================================================================
=================================[[2024-05-22 09:55:54,553]] SQL ============================== 
No value in environment for: getAppender, using: com.p6spy.engine.logging.appender.StdoutLogger
=======
=================================[[2024-07-24 11:07:40,109]] SQL ============================== 
No value in environment for: getStringMatcherEngine, using: com.p6spy.engine.common.SubstringMatcher@313b2c61
===============================================================================================
=================================[[2024-07-24 11:07:40,109]] SQL ============================== 
No value in environment for: getReloadPropertiesInterval, using: 60
===============================================================================================
=================================[[2024-07-24 11:07:40,109]] SQL ============================== 
No value in environment for: getRealDataSourceClass, using: null
===============================================================================================
=================================[[2024-07-24 11:07:40,109]] SQL ============================== 
No value in environment for: getExcludecategories, using: info,debug,result,batch,resultset
===============================================================================================
=================================[[2024-07-24 11:07:40,109]] SQL ============================== 
No value in environment for: getExecutionThreshold, using: 0
===============================================================================================
=================================[[2024-07-24 11:07:40,109]] SQL ============================== 
No value in environment for: getReloadProperties, using: false
===============================================================================================
=================================[[2024-07-24 11:07:40,109]] SQL ============================== 
No value in environment for: getUsePrefix, using: false
===============================================================================================
=================================[[2024-07-24 11:07:40,110]] SQL ============================== 
No value in environment for: getSpydriver, using: com.p6spy.engine.spy.P6SpyDriver
===============================================================================================
=================================[[2024-07-24 11:07:40,110]] SQL ============================== 
No value in environment for: getDateformatter, using: java.text.SimpleDateFormat@f17a63e7
===============================================================================================
=================================[[2024-07-24 11:07:40,110]] SQL ============================== 
No value in environment for: getInclude, using: 
===============================================================================================
=================================[[2024-07-24 11:07:40,110]] SQL ============================== 
No value in environment for: getStringmatcher, using: com.p6spy.engine.common.SubstringMatcher
===============================================================================================
=================================[[2024-07-24 11:07:40,110]] SQL ============================== 
No value in environment for: getExclude, using: 
===============================================================================================
=================================[[2024-07-24 11:07:40,110]] SQL ============================== 
No value in environment for: getLogfile, using: spy.log
===============================================================================================
=================================[[2024-07-24 11:07:40,110]] SQL ============================== 
No value in environment for: getRealdriver3, using: null
===============================================================================================
=================================[[2024-07-24 11:07:40,110]] SQL ============================== 
No value in environment for: getRealdriver2, using: null
===============================================================================================
=================================[[2024-07-24 11:07:40,110]] SQL ============================== 
No value in environment for: getSQLExpression, using: null
===============================================================================================
=================================[[2024-07-24 11:07:40,110]] SQL ============================== 
No value in environment for: getDateformat, using: yyyy-MM-dd HH:mm:ss,SSS
===============================================================================================
=================================[[2024-07-24 11:07:40,110]] SQL ============================== 
No value in environment for: getAutoflush, using: true
===============================================================================================
=================================[[2024-07-24 11:07:40,110]] SQL ============================== 
No value in environment for: getRealdriver, using: oracle.jdbc.driver.OracleDriver
>>>>>>> branch 'main' of https://github.com/kim50012/bbc.git
===============================================================================================
